<?xml version="1.0" encoding="UTF-8"?>
<!-- Generated by org.testng.reporters.JUnitXMLReporter -->
<testsuite hostname="fmt-VirtualBox" tests="14" failures="0" timestamp="12 Oct 2017 12:03:21 GMT" time="0.241" errors="0">
  <testcase name="test_racEnabled" time="0.035" classname="LookupScale_JML_Test"/>
  <testcase name="test_lookupValue__SensorValue_sv__0" time="0.012" classname="LookupScale_JML_Test"/>
  <testcase name="test_lookupValue__SensorValue_sv__0" time="0.0" classname="LookupScale_JML_Test"/>
  <testcase name="test_lookupValue__SensorValue_sv__0" time="0.001" classname="LookupScale_JML_Test"/>
  <testcase name="test_lookupValue__SensorValue_sv__0" time="0.001" classname="LookupScale_JML_Test"/>
  <testcase name="test_lookupValue__SensorValue_sv__0" time="0.0" classname="LookupScale_JML_Test"/>
  <testcase name="test_lookupValue__SensorValue_sv__0" time="0.0" classname="LookupScale_JML_Test"/>
  <testcase name="test_lookupValue__SensorValue_sv__0" time="0.0" classname="LookupScale_JML_Test"/>
  <testcase name="test_lookupValue__SensorValue_sv__0" time="0.001" classname="LookupScale_JML_Test"/>
  <testcase name="test_lookupValue__SensorValue_sv__0" time="0.001" classname="LookupScale_JML_Test"/>
  <testcase name="test_lookupValue__SensorValue_sv__0" time="0.001" classname="LookupScale_JML_Test"/>
  <testcase name="test_lookupValue__SensorValue_sv__0" time="0.0" classname="LookupScale_JML_Test"/>
  <testcase name="test_lookupValue__SensorValue_sv__0" time="0.001" classname="LookupScale_JML_Test"/>
  <testcase name="test_lookupValue__SensorValue_sv__0" time="0.002" classname="LookupScale_JML_Test">
    <skipped/>
  </testcase> <!-- test_lookupValue__SensorValue_sv__0 -->
</testsuite>
